<?xml version="1.0" encoding="UTF-8"?>
<testsuite xmlns:xsi="http://www.w3.org/2001/XMLSchema-instance" xsi:noNamespaceSchemaLocation="https://maven.apache.org/surefire/maven-surefire-plugin/xsd/surefire-test-report-3.0.xsd" version="3.0" name="com.davies.F1Sim.F1SimApplicationTests" time="16.395" tests="1" errors="0" skipped="0" failures="0">
  <properties>
[...]
</properties>
  <testcase name="contextLoads" classname="com.davies.F1Sim.F1SimApplicationTests" time="1.031">
    <system-out><![CDATA[14:42:32.126 [main] INFO org.springframework.test.context.support.AnnotationConfigContextLoaderUtils -- Could not detect default configuration classes for test class [com.davies.F1Sim.F1SimApplicationTests]: F1SimApplicationTests does not declare any static, non-private, non-final, nested classes annotated with @Configuration.
14:42:32.622 [main] INFO org.springframework.boot.test.context.SpringBootTestContextBootstrapper -- Found @SpringBootConfiguration com.davies.F1Sim.F1SimApplication for test class com.davies.F1Sim.F1SimApplicationTests

  .   ____          _            __ _ _
 /\\ / ___'_ __ _ _(_)_ __  __ _ \ \ \ \
( ( )\___ | '_ | '_| | '_ \/ _` | \ \ \ \
 \\/  ___)| |_)| | | | | || (_| |  ) ) ) )
  '  |____| .__|_| |_|_| |_\__, | / / / /
 =========|_|==============|___/=/_/_/_/
 :: Spring Boot ::                (v3.2.4)

2024-06-18T14:42:34.114+02:00  INFO 24592 --- [F1Sim] [           main] com.davies.F1Sim.F1SimApplicationTests   : Starting F1SimApplicationTests using Java 20 with PID 24592 (started by james in C:\Users\james\Desktop\DWES\F1Sim)
2024-06-18T14:42:34.119+02:00  INFO 24592 --- [F1Sim] [           main] com.davies.F1Sim.F1SimApplicationTests   : No active profile set, falling back to 1 default profile: "default"
2024-06-18T14:42:36.589+02:00  INFO 24592 --- [F1Sim] [           main] .s.d.r.c.RepositoryConfigurationDelegate : Bootstrapping Spring Data JPA repositories in DEFAULT mode.
2024-06-18T14:42:36.828+02:00  INFO 24592 --- [F1Sim] [           main] .s.d.r.c.RepositoryConfigurationDelegate : Finished Spring Data repository scanning in 215 ms. Found 5 JPA repository interfaces.
2024-06-18T14:42:38.364+02:00  INFO 24592 --- [F1Sim] [           main] o.hibernate.jpa.internal.util.LogHelper  : HHH000204: Processing PersistenceUnitInfo [name: default]
2024-06-18T14:42:38.571+02:00  INFO 24592 --- [F1Sim] [           main] org.hibernate.Version                    : HHH000412: Hibernate ORM core version 6.0.0.Final
2024-06-18T14:42:39.107+02:00  WARN 24592 --- [F1Sim] [           main] org.hibernate.orm.deprecation            : HHH90000021: Encountered deprecated setting [javax.persistence.sharedCache.mode], use [jakarta.persistence.sharedCache.mode] instead
2024-06-18T14:42:39.606+02:00  INFO 24592 --- [F1Sim] [           main] com.zaxxer.hikari.HikariDataSource       : HikariPool-1 - Starting...
2024-06-18T14:42:40.787+02:00  INFO 24592 --- [F1Sim] [           main] com.zaxxer.hikari.pool.HikariPool        : HikariPool-1 - Added connection com.mysql.cj.jdbc.ConnectionImpl@15c16f19
2024-06-18T14:42:40.793+02:00  INFO 24592 --- [F1Sim] [           main] com.zaxxer.hikari.HikariDataSource       : HikariPool-1 - Start completed.
2024-06-18T14:42:41.046+02:00  INFO 24592 --- [F1Sim] [           main] SQL dialect                              : HHH000400: Using dialect: org.hibernate.dialect.MySQLDialect
2024-06-18T14:42:44.272+02:00  INFO 24592 --- [F1Sim] [           main] o.h.e.t.j.p.i.JtaPlatformInitiator       : HHH000490: Using JtaPlatform implementation: [org.hibernate.engine.transaction.jta.platform.internal.NoJtaPlatform]
2024-06-18T14:42:44.299+02:00  INFO 24592 --- [F1Sim] [           main] j.LocalContainerEntityManagerFactoryBean : Initialized JPA EntityManagerFactory for persistence unit 'default'
2024-06-18T14:42:46.077+02:00  WARN 24592 --- [F1Sim] [           main] JpaBaseConfiguration$JpaWebConfiguration : spring.jpa.open-in-view is enabled by default. Therefore, database queries may be performed during view rendering. Explicitly configure spring.jpa.open-in-view to disable this warning
2024-06-18T14:42:46.808+02:00  INFO 24592 --- [F1Sim] [           main] com.davies.F1Sim.F1SimApplicationTests   : Started F1SimApplicationTests in 13.565 seconds (process running for 17.588)
]]></system-out>
  </testcase>
</testsuite>